Traceback (most recent call last):
  File "/home/user/.edm/envs/mdd/lib/python3.8/site-packages/jupyter_cache/executors/utils.py", line 51, in single_nb_execution
    executenb(
  File "/home/user/.edm/envs/mdd/lib/python3.8/site-packages/nbclient/client.py", line 1204, in execute
    return NotebookClient(nb=nb, resources=resources, km=km, **kwargs).execute()
  File "/home/user/.edm/envs/mdd/lib/python3.8/site-packages/nbclient/util.py", line 84, in wrapped
    return just_run(coro(*args, **kwargs))
  File "/home/user/.edm/envs/mdd/lib/python3.8/site-packages/nbclient/util.py", line 62, in just_run
    return loop.run_until_complete(coro)
  File "/home/user/.edm/envs/mdd/lib/python3.8/asyncio/base_events.py", line 616, in run_until_complete
    return future.result()
  File "/home/user/.edm/envs/mdd/lib/python3.8/site-packages/nbclient/client.py", line 663, in async_execute
    await self.async_execute_cell(
  File "/home/user/.edm/envs/mdd/lib/python3.8/site-packages/nbclient/client.py", line 965, in async_execute_cell
    await self._check_raise_for_error(cell, cell_index, exec_reply)
  File "/home/user/.edm/envs/mdd/lib/python3.8/site-packages/nbclient/client.py", line 862, in _check_raise_for_error
    raise CellExecutionError.from_cell_and_msg(cell, exec_reply_content)
nbclient.exceptions.CellExecutionError: An error occurred while executing the following cell:
------------------
# area under the curve
print(("Area under the curve = %f " % trapz(f,x)))
------------------

[0;31m---------------------------------------------------------------------------[0m
[0;31mNameError[0m                                 Traceback (most recent call last)
Cell [0;32mIn [16], line 2[0m
[1;32m      1[0m [38;5;66;03m# area under the curve[39;00m
[0;32m----> 2[0m [38;5;28mprint[39m(([38;5;124m"[39m[38;5;124mArea under the curve = [39m[38;5;132;01m%f[39;00m[38;5;124m [39m[38;5;124m"[39m [38;5;241m%[39m [43mtrapz[49m(f,x)))

[0;31mNameError[0m: name 'trapz' is not defined
NameError: name 'trapz' is not defined

