Traceback (most recent call last):
  File "/home/user/.edm/envs/mdd/lib/python3.8/site-packages/jupyter_cache/executors/utils.py", line 51, in single_nb_execution
    executenb(
  File "/home/user/.edm/envs/mdd/lib/python3.8/site-packages/nbclient/client.py", line 1204, in execute
    return NotebookClient(nb=nb, resources=resources, km=km, **kwargs).execute()
  File "/home/user/.edm/envs/mdd/lib/python3.8/site-packages/nbclient/util.py", line 84, in wrapped
    return just_run(coro(*args, **kwargs))
  File "/home/user/.edm/envs/mdd/lib/python3.8/site-packages/nbclient/util.py", line 62, in just_run
    return loop.run_until_complete(coro)
  File "/home/user/.edm/envs/mdd/lib/python3.8/asyncio/base_events.py", line 616, in run_until_complete
    return future.result()
  File "/home/user/.edm/envs/mdd/lib/python3.8/site-packages/nbclient/client.py", line 663, in async_execute
    await self.async_execute_cell(
  File "/home/user/.edm/envs/mdd/lib/python3.8/site-packages/nbclient/client.py", line 965, in async_execute_cell
    await self._check_raise_for_error(cell, cell_index, exec_reply)
  File "/home/user/.edm/envs/mdd/lib/python3.8/site-packages/nbclient/client.py", line 862, in _check_raise_for_error
    raise CellExecutionError.from_cell_and_msg(cell, exec_reply_content)
nbclient.exceptions.CellExecutionError: An error occurred while executing the following cell:
------------------
fs = 100 # Hz
y = np.loadtxt('../../data/FFT_Example_data_with_window.txt')
t = np.linspace(0,len(y)/fs,len(y))
------------------

[0;31m---------------------------------------------------------------------------[0m
[0;31mFileNotFoundError[0m                         Traceback (most recent call last)
Cell [0;32mIn [2], line 2[0m
[1;32m      1[0m fs [38;5;241m=[39m [38;5;241m100[39m [38;5;66;03m# Hz[39;00m
[0;32m----> 2[0m y [38;5;241m=[39m [43mnp[49m[38;5;241;43m.[39;49m[43mloadtxt[49m[43m([49m[38;5;124;43m'[39;49m[38;5;124;43m../../data/FFT_Example_data_with_window.txt[39;49m[38;5;124;43m'[39;49m[43m)[49m
[1;32m      3[0m t [38;5;241m=[39m np[38;5;241m.[39mlinspace([38;5;241m0[39m,[38;5;28mlen[39m(y)[38;5;241m/[39mfs,[38;5;28mlen[39m(y))

File [0;32m~/.edm/envs/mdd/lib/python3.8/site-packages/numpy/lib/npyio.py:1318[0m, in [0;36mloadtxt[0;34m(fname, dtype, comments, delimiter, converters, skiprows, usecols, unpack, ndmin, encoding, max_rows, quotechar, like)[0m
[1;32m   1315[0m [38;5;28;01mif[39;00m [38;5;28misinstance[39m(delimiter, [38;5;28mbytes[39m):
[1;32m   1316[0m     delimiter [38;5;241m=[39m delimiter[38;5;241m.[39mdecode([38;5;124m'[39m[38;5;124mlatin1[39m[38;5;124m'[39m)
[0;32m-> 1318[0m arr [38;5;241m=[39m [43m_read[49m[43m([49m[43mfname[49m[43m,[49m[43m [49m[43mdtype[49m[38;5;241;43m=[39;49m[43mdtype[49m[43m,[49m[43m [49m[43mcomment[49m[38;5;241;43m=[39;49m[43mcomment[49m[43m,[49m[43m [49m[43mdelimiter[49m[38;5;241;43m=[39;49m[43mdelimiter[49m[43m,[49m
[1;32m   1319[0m [43m            [49m[43mconverters[49m[38;5;241;43m=[39;49m[43mconverters[49m[43m,[49m[43m [49m[43mskiplines[49m[38;5;241;43m=[39;49m[43mskiprows[49m[43m,[49m[43m [49m[43musecols[49m[38;5;241;43m=[39;49m[43musecols[49m[43m,[49m
[1;32m   1320[0m [43m            [49m[43munpack[49m[38;5;241;43m=[39;49m[43munpack[49m[43m,[49m[43m [49m[43mndmin[49m[38;5;241;43m=[39;49m[43mndmin[49m[43m,[49m[43m [49m[43mencoding[49m[38;5;241;43m=[39;49m[43mencoding[49m[43m,[49m
[1;32m   1321[0m [43m            [49m[43mmax_rows[49m[38;5;241;43m=[39;49m[43mmax_rows[49m[43m,[49m[43m [49m[43mquote[49m[38;5;241;43m=[39;49m[43mquotechar[49m[43m)[49m
[1;32m   1323[0m [38;5;28;01mreturn[39;00m arr

File [0;32m~/.edm/envs/mdd/lib/python3.8/site-packages/numpy/lib/npyio.py:955[0m, in [0;36m_read[0;34m(fname, delimiter, comment, quote, imaginary_unit, usecols, skiplines, max_rows, converters, ndmin, unpack, dtype, encoding)[0m
[1;32m    953[0m     fname [38;5;241m=[39m os[38;5;241m.[39mfspath(fname)
[1;32m    954[0m [38;5;28;01mif[39;00m [38;5;28misinstance[39m(fname, [38;5;28mstr[39m):
[0;32m--> 955[0m     fh [38;5;241m=[39m [43mnp[49m[38;5;241;43m.[39;49m[43mlib[49m[38;5;241;43m.[39;49m[43m_datasource[49m[38;5;241;43m.[39;49m[43mopen[49m[43m([49m[43mfname[49m[43m,[49m[43m [49m[38;5;124;43m'[39;49m[38;5;124;43mrt[39;49m[38;5;124;43m'[39;49m[43m,[49m[43m [49m[43mencoding[49m[38;5;241;43m=[39;49m[43mencoding[49m[43m)[49m
[1;32m    956[0m     [38;5;28;01mif[39;00m encoding [38;5;129;01mis[39;00m [38;5;28;01mNone[39;00m:
[1;32m    957[0m         encoding [38;5;241m=[39m [38;5;28mgetattr[39m(fh, [38;5;124m'[39m[38;5;124mencoding[39m[38;5;124m'[39m, [38;5;124m'[39m[38;5;124mlatin1[39m[38;5;124m'[39m)

File [0;32m~/.edm/envs/mdd/lib/python3.8/site-packages/numpy/lib/_datasource.py:193[0m, in [0;36mopen[0;34m(path, mode, destpath, encoding, newline)[0m
[1;32m    156[0m [38;5;124;03m"""[39;00m
[1;32m    157[0m [38;5;124;03mOpen `path` with `mode` and return the file object.[39;00m
[1;32m    158[0m 
[0;32m   (...)[0m
[1;32m    189[0m 
[1;32m    190[0m [38;5;124;03m"""[39;00m
[1;32m    192[0m ds [38;5;241m=[39m DataSource(destpath)
[0;32m--> 193[0m [38;5;28;01mreturn[39;00m [43mds[49m[38;5;241;43m.[39;49m[43mopen[49m[43m([49m[43mpath[49m[43m,[49m[43m [49m[43mmode[49m[43m,[49m[43m [49m[43mencoding[49m[38;5;241;43m=[39;49m[43mencoding[49m[43m,[49m[43m [49m[43mnewline[49m[38;5;241;43m=[39;49m[43mnewline[49m[43m)[49m

File [0;32m~/.edm/envs/mdd/lib/python3.8/site-packages/numpy/lib/_datasource.py:533[0m, in [0;36mDataSource.open[0;34m(self, path, mode, encoding, newline)[0m
[1;32m    530[0m     [38;5;28;01mreturn[39;00m _file_openers[ext](found, mode[38;5;241m=[39mmode,
[1;32m    531[0m                               encoding[38;5;241m=[39mencoding, newline[38;5;241m=[39mnewline)
[1;32m    532[0m [38;5;28;01melse[39;00m:
[0;32m--> 533[0m     [38;5;28;01mraise[39;00m [38;5;167;01mFileNotFoundError[39;00m([38;5;124mf[39m[38;5;124m"[39m[38;5;132;01m{[39;00mpath[38;5;132;01m}[39;00m[38;5;124m not found.[39m[38;5;124m"[39m)

[0;31mFileNotFoundError[0m: ../../data/FFT_Example_data_with_window.txt not found.
FileNotFoundError: ../../data/FFT_Example_data_with_window.txt not found.

