Traceback (most recent call last):
  File "/home/user/Documents/repos/engineering_experiments_measurements_course/.conda/lib/python3.12/site-packages/jupyter_cache/executors/utils.py", line 58, in single_nb_execution
    executenb(
  File "/home/user/Documents/repos/engineering_experiments_measurements_course/.conda/lib/python3.12/site-packages/nbclient/client.py", line 1314, in execute
    return NotebookClient(nb=nb, resources=resources, km=km, **kwargs).execute()
           ^^^^^^^^^^^^^^^^^^^^^^^^^^^^^^^^^^^^^^^^^^^^^^^^^^^^^^^^^^^^^^^^^^^^^
  File "/home/user/Documents/repos/engineering_experiments_measurements_course/.conda/lib/python3.12/site-packages/jupyter_core/utils/__init__.py", line 165, in wrapped
    return loop.run_until_complete(inner)
           ^^^^^^^^^^^^^^^^^^^^^^^^^^^^^^
  File "/home/user/Documents/repos/engineering_experiments_measurements_course/.conda/lib/python3.12/asyncio/base_events.py", line 687, in run_until_complete
    return future.result()
           ^^^^^^^^^^^^^^^
  File "/home/user/Documents/repos/engineering_experiments_measurements_course/.conda/lib/python3.12/site-packages/nbclient/client.py", line 709, in async_execute
    await self.async_execute_cell(
  File "/home/user/Documents/repos/engineering_experiments_measurements_course/.conda/lib/python3.12/site-packages/nbclient/client.py", line 1062, in async_execute_cell
    await self._check_raise_for_error(cell, cell_index, exec_reply)
  File "/home/user/Documents/repos/engineering_experiments_measurements_course/.conda/lib/python3.12/site-packages/nbclient/client.py", line 918, in _check_raise_for_error
    raise CellExecutionError.from_cell_and_msg(cell, exec_reply_content)
nbclient.exceptions.CellExecutionError: An error occurred while executing the following cell:
------------------
maxtab, mintab = peakdet(ys-1,.01,ts)
------------------


[0;31m---------------------------------------------------------------------------[0m
[0;31mNameError[0m                                 Traceback (most recent call last)
Cell [0;32mIn[7], line 1[0m
[0;32m----> 1[0m maxtab, mintab [38;5;241m=[39m [43mpeakdet[49m[43m([49m[43mys[49m[38;5;241;43m-[39;49m[38;5;241;43m1[39;49m[43m,[49m[38;5;241;43m.01[39;49m[43m,[49m[43mts[49m[43m)[49m

Cell [0;32mIn[6], line 45[0m, in [0;36mpeakdet[0;34m(v, delta, x)[0m
[1;32m     42[0m [38;5;28;01mif[39;00m delta [38;5;241m<[39m[38;5;241m=[39m [38;5;241m0[39m:
[1;32m     43[0m     sys[38;5;241m.[39mexit([38;5;124m'[39m[38;5;124mInput argument delta must be positive[39m[38;5;124m'[39m)
[0;32m---> 45[0m mn, mx [38;5;241m=[39m [43mInf[49m, [38;5;241m-[39mInf
[1;32m     46[0m mnpos, mxpos [38;5;241m=[39m NaN, NaN
[1;32m     48[0m lookformax [38;5;241m=[39m [38;5;28;01mTrue[39;00m

[0;31mNameError[0m: name 'Inf' is not defined

